app/build/intermediates/manifest_merge_blame_file/debug/manifest-merger-blame-debug-report.txt
1<?xml version="1.0" encoding="utf-8"?>
2<manifest xmlns:android="http://schemas.android.com/apk/res/android"
3    package="com.example.fastchat"
4    android:versionCode="1"
5    android:versionName="1.0" >
6
7    <uses-sdk
8        android:minSdkVersion="26"
9        android:targetSdkVersion="34" />
10
11    <uses-permission android:name="android.permission.READ_PHONE_STATE" />
11-->src/main/AndroidManifest.xml:5:5-75
11-->src/main/AndroidManifest.xml:5:22-72
12    <uses-permission
12-->src/main/AndroidManifest.xml:6:5-8:38
13        android:name="android.permission.READ_EXTERNAL_STORAGE"
13-->src/main/AndroidManifest.xml:7:9-64
14        android:maxSdkVersion="32" />
14-->src/main/AndroidManifest.xml:8:9-35
15    <uses-permission android:name="android.permission.INTERNET" />
15-->src/main/AndroidManifest.xml:9:5-67
15-->src/main/AndroidManifest.xml:9:22-64
16    <uses-permission android:name="android.permission.RECORD_AUDIO" />
16-->src/main/AndroidManifest.xml:10:5-71
16-->src/main/AndroidManifest.xml:10:22-68
17    <uses-permission
17-->src/main/AndroidManifest.xml:11:5-14:39
18        android:name="android.permission.WRITE_EXTERNAL_STORAGE"
18-->src/main/AndroidManifest.xml:12:9-65
19        android:maxSdkVersion="29" />
19-->src/main/AndroidManifest.xml:13:9-35
20    <uses-permission android:name="android.permission.ACCESS_NETWORK_STATE" />
20-->[com.google.firebase:firebase-auth:22.1.0] AndroidManifest.xml:26:5-79
20-->[com.google.firebase:firebase-auth:22.1.0] AndroidManifest.xml:26:22-76
21    <uses-permission android:name="android.permission.WAKE_LOCK" />
21-->[com.google.android.gms:play-services-measurement-api:21.3.0] AndroidManifest.xml:24:5-68
21-->[com.google.android.gms:play-services-measurement-api:21.3.0] AndroidManifest.xml:24:22-65
22    <uses-permission android:name="com.google.android.gms.permission.AD_ID" />
22-->[com.google.android.gms:play-services-measurement-api:21.3.0] AndroidManifest.xml:25:5-79
22-->[com.google.android.gms:play-services-measurement-api:21.3.0] AndroidManifest.xml:25:22-76
23    <uses-permission android:name="com.google.android.finsky.permission.BIND_GET_INSTALL_REFERRER_SERVICE" />
23-->[com.google.android.gms:play-services-measurement:21.3.0] AndroidManifest.xml:26:5-110
23-->[com.google.android.gms:play-services-measurement:21.3.0] AndroidManifest.xml:26:22-107
24
25    <permission
25-->[androidx.core:core:1.10.1] AndroidManifest.xml:22:5-24:47
26        android:name="com.example.fastchat.DYNAMIC_RECEIVER_NOT_EXPORTED_PERMISSION"
26-->[androidx.core:core:1.10.1] AndroidManifest.xml:23:9-81
27        android:protectionLevel="signature" />
27-->[androidx.core:core:1.10.1] AndroidManifest.xml:24:9-44
28
29    <uses-permission android:name="com.example.fastchat.DYNAMIC_RECEIVER_NOT_EXPORTED_PERMISSION" />
29-->[androidx.core:core:1.10.1] AndroidManifest.xml:26:5-97
29-->[androidx.core:core:1.10.1] AndroidManifest.xml:26:22-94
30
31    <application
31-->src/main/AndroidManifest.xml:17:5-74:19
32        android:allowBackup="true"
32-->src/main/AndroidManifest.xml:19:9-35
33        android:appComponentFactory="androidx.core.app.CoreComponentFactory"
33-->[androidx.core:core:1.10.1] AndroidManifest.xml:28:18-86
34        android:dataExtractionRules="@xml/data_extraction_rules"
34-->src/main/AndroidManifest.xml:20:9-65
35        android:debuggable="true"
36        android:extractNativeLibs="false"
37        android:fullBackupContent="@xml/backup_rules"
37-->src/main/AndroidManifest.xml:21:9-54
38        android:icon="@mipmap/ic_launcher"
38-->src/main/AndroidManifest.xml:22:9-43
39        android:label="@string/app_name"
39-->src/main/AndroidManifest.xml:23:9-41
40        android:requestLegacyExternalStorage="true"
40-->src/main/AndroidManifest.xml:18:9-52
41        android:roundIcon="@mipmap/ic_launcher_round"
41-->src/main/AndroidManifest.xml:24:9-54
42        android:supportsRtl="true"
42-->src/main/AndroidManifest.xml:25:9-35
43        android:testOnly="true"
44        android:theme="@style/Theme.FastChat" >
44-->src/main/AndroidManifest.xml:26:9-46
45        <provider
46            android:name="androidx.core.content.FileProvider"
46-->src/main/AndroidManifest.xml:31:13-62
47            android:authorities="com.example.fastchat.fileprovider"
47-->src/main/AndroidManifest.xml:32:13-64
48            android:exported="false"
48-->src/main/AndroidManifest.xml:33:13-37
49            android:grantUriPermissions="true" >
49-->src/main/AndroidManifest.xml:34:13-47
50            <meta-data
50-->src/main/AndroidManifest.xml:35:13-37:54
51                android:name="android.support.FILE_PROVIDER_PATHS"
51-->src/main/AndroidManifest.xml:36:17-67
52                android:resource="@xml/file_paths" />
52-->src/main/AndroidManifest.xml:37:17-51
53        </provider>
54
55        <activity
55-->src/main/AndroidManifest.xml:40:9-42:40
56            android:name="com.example.fastchat.ShowImage"
56-->src/main/AndroidManifest.xml:41:13-38
57            android:exported="false" />
57-->src/main/AndroidManifest.xml:42:13-37
58        <activity
58-->src/main/AndroidManifest.xml:43:9-45:40
59            android:name="com.example.fastchat.Chat"
59-->src/main/AndroidManifest.xml:44:13-33
60            android:exported="false" />
60-->src/main/AndroidManifest.xml:45:13-37
61        <activity
61-->src/main/AndroidManifest.xml:46:9-48:40
62            android:name="com.example.fastchat.Settings"
62-->src/main/AndroidManifest.xml:47:13-37
63            android:exported="false" />
63-->src/main/AndroidManifest.xml:48:13-37
64        <activity
64-->src/main/AndroidManifest.xml:49:9-51:40
65            android:name="com.example.fastchat.Home"
65-->src/main/AndroidManifest.xml:50:13-33
66            android:exported="false" />
66-->src/main/AndroidManifest.xml:51:13-37
67        <activity
67-->src/main/AndroidManifest.xml:52:9-54:40
68            android:name="com.example.fastchat.SetupProfile"
68-->src/main/AndroidManifest.xml:53:13-41
69            android:exported="false" />
69-->src/main/AndroidManifest.xml:54:13-37
70        <activity
70-->src/main/AndroidManifest.xml:55:9-57:40
71            android:name="com.example.fastchat.Verification"
71-->src/main/AndroidManifest.xml:56:13-41
72            android:exported="false" />
72-->src/main/AndroidManifest.xml:57:13-37
73        <activity
73-->src/main/AndroidManifest.xml:58:9-60:40
74            android:name="com.example.fastchat.SignupPage"
74-->src/main/AndroidManifest.xml:59:13-39
75            android:exported="false" />
75-->src/main/AndroidManifest.xml:60:13-37
76        <activity
76-->src/main/AndroidManifest.xml:61:9-69:20
77            android:name="com.example.fastchat.MainActivity"
77-->src/main/AndroidManifest.xml:62:13-41
78            android:exported="true" >
78-->src/main/AndroidManifest.xml:63:13-36
79            <intent-filter>
79-->src/main/AndroidManifest.xml:64:13-68:29
80                <action android:name="android.intent.action.MAIN" />
80-->src/main/AndroidManifest.xml:65:17-69
80-->src/main/AndroidManifest.xml:65:25-66
81
82                <category android:name="android.intent.category.LAUNCHER" />
82-->src/main/AndroidManifest.xml:67:17-77
82-->src/main/AndroidManifest.xml:67:27-74
83            </intent-filter>
84        </activity>
85
86        <meta-data
86-->src/main/AndroidManifest.xml:71:9-73:57
87            android:name="preloaded_fonts"
87-->src/main/AndroidManifest.xml:72:13-43
88            android:resource="@array/preloaded_fonts" />
88-->src/main/AndroidManifest.xml:73:13-54
89
90        <service
90-->[com.google.firebase:firebase-auth-ktx:22.1.0] AndroidManifest.xml:8:9-14:19
91            android:name="com.google.firebase.components.ComponentDiscoveryService"
91-->[com.google.firebase:firebase-auth-ktx:22.1.0] AndroidManifest.xml:9:13-84
92            android:directBootAware="true"
92-->[com.google.firebase:firebase-common:20.3.3] AndroidManifest.xml:34:13-43
93            android:exported="false" >
93-->[com.google.firebase:firebase-auth-ktx:22.1.0] AndroidManifest.xml:10:13-37
94            <meta-data
94-->[com.google.firebase:firebase-auth-ktx:22.1.0] AndroidManifest.xml:11:13-13:85
95                android:name="com.google.firebase.components:com.google.firebase.auth.ktx.FirebaseAuthKtxRegistrar"
95-->[com.google.firebase:firebase-auth-ktx:22.1.0] AndroidManifest.xml:12:17-116
96                android:value="com.google.firebase.components.ComponentRegistrar" />
96-->[com.google.firebase:firebase-auth-ktx:22.1.0] AndroidManifest.xml:13:17-82
97            <meta-data
97-->[com.google.firebase:firebase-database-ktx:20.2.2] AndroidManifest.xml:14:13-16:85
98                android:name="com.google.firebase.components:com.google.firebase.database.ktx.FirebaseDatabaseKtxRegistrar"
98-->[com.google.firebase:firebase-database-ktx:20.2.2] AndroidManifest.xml:15:17-124
99                android:value="com.google.firebase.components.ComponentRegistrar" />
99-->[com.google.firebase:firebase-database-ktx:20.2.2] AndroidManifest.xml:16:17-82
100            <meta-data
100-->[com.google.firebase:firebase-storage-ktx:20.2.1] AndroidManifest.xml:14:13-16:85
101                android:name="com.google.firebase.components:com.google.firebase.storage.ktx.FirebaseStorageKtxRegistrar"
101-->[com.google.firebase:firebase-storage-ktx:20.2.1] AndroidManifest.xml:15:17-122
102                android:value="com.google.firebase.components.ComponentRegistrar" />
102-->[com.google.firebase:firebase-storage-ktx:20.2.1] AndroidManifest.xml:16:17-82
103            <meta-data
103-->[com.google.firebase:firebase-analytics-ktx:21.3.0] AndroidManifest.xml:11:13-13:85
104                android:name="com.google.firebase.components:com.google.firebase.analytics.ktx.FirebaseAnalyticsKtxRegistrar"
104-->[com.google.firebase:firebase-analytics-ktx:21.3.0] AndroidManifest.xml:12:17-126
105                android:value="com.google.firebase.components.ComponentRegistrar" />
105-->[com.google.firebase:firebase-analytics-ktx:21.3.0] AndroidManifest.xml:13:17-82
106            <meta-data
106-->[com.google.firebase:firebase-common-ktx:20.3.3] AndroidManifest.xml:14:13-16:85
107                android:name="com.google.firebase.components:com.google.firebase.ktx.FirebaseCommonKtxRegistrar"
107-->[com.google.firebase:firebase-common-ktx:20.3.3] AndroidManifest.xml:15:17-113
108                android:value="com.google.firebase.components.ComponentRegistrar" />
108-->[com.google.firebase:firebase-common-ktx:20.3.3] AndroidManifest.xml:16:17-82
109            <meta-data
109-->[com.google.firebase:firebase-auth:22.1.0] AndroidManifest.xml:69:13-71:85
110                android:name="com.google.firebase.components:com.google.firebase.auth.FirebaseAuthRegistrar"
110-->[com.google.firebase:firebase-auth:22.1.0] AndroidManifest.xml:70:17-109
111                android:value="com.google.firebase.components.ComponentRegistrar" />
111-->[com.google.firebase:firebase-auth:22.1.0] AndroidManifest.xml:71:17-82
112            <meta-data
112-->[com.google.firebase:firebase-database:20.2.2] AndroidManifest.xml:31:13-33:85
113                android:name="com.google.firebase.components:com.google.firebase.database.DatabaseRegistrar"
113-->[com.google.firebase:firebase-database:20.2.2] AndroidManifest.xml:32:17-109
114                android:value="com.google.firebase.components.ComponentRegistrar" />
114-->[com.google.firebase:firebase-database:20.2.2] AndroidManifest.xml:33:17-82
115            <meta-data
115-->[com.google.firebase:firebase-storage:20.2.1] AndroidManifest.xml:32:13-34:85
116                android:name="com.google.firebase.components:com.google.firebase.storage.StorageRegistrar"
116-->[com.google.firebase:firebase-storage:20.2.1] AndroidManifest.xml:33:17-107
117                android:value="com.google.firebase.components.ComponentRegistrar" />
117-->[com.google.firebase:firebase-storage:20.2.1] AndroidManifest.xml:34:17-82
118            <meta-data
118-->[com.google.android.gms:play-services-measurement-api:21.3.0] AndroidManifest.xml:31:13-33:85
119                android:name="com.google.firebase.components:com.google.firebase.analytics.connector.internal.AnalyticsConnectorRegistrar"
119-->[com.google.android.gms:play-services-measurement-api:21.3.0] AndroidManifest.xml:32:17-139
120                android:value="com.google.firebase.components.ComponentRegistrar" />
120-->[com.google.android.gms:play-services-measurement-api:21.3.0] AndroidManifest.xml:33:17-82
121            <meta-data
121-->[com.google.firebase:firebase-installations:17.1.3] AndroidManifest.xml:17:13-19:85
122                android:name="com.google.firebase.components:com.google.firebase.installations.FirebaseInstallationsRegistrar"
122-->[com.google.firebase:firebase-installations:17.1.3] AndroidManifest.xml:18:17-127
123                android:value="com.google.firebase.components.ComponentRegistrar" />
123-->[com.google.firebase:firebase-installations:17.1.3] AndroidManifest.xml:19:17-82
124        </service>
125
126        <activity
126-->[com.google.firebase:firebase-auth:22.1.0] AndroidManifest.xml:29:9-46:20
127            android:name="com.google.firebase.auth.internal.GenericIdpActivity"
127-->[com.google.firebase:firebase-auth:22.1.0] AndroidManifest.xml:30:13-80
128            android:excludeFromRecents="true"
128-->[com.google.firebase:firebase-auth:22.1.0] AndroidManifest.xml:31:13-46
129            android:exported="true"
129-->[com.google.firebase:firebase-auth:22.1.0] AndroidManifest.xml:32:13-36
130            android:launchMode="singleTask"
130-->[com.google.firebase:firebase-auth:22.1.0] AndroidManifest.xml:33:13-44
131            android:theme="@android:style/Theme.Translucent.NoTitleBar" >
131-->[com.google.firebase:firebase-auth:22.1.0] AndroidManifest.xml:34:13-72
132            <intent-filter>
132-->[com.google.firebase:firebase-auth:22.1.0] AndroidManifest.xml:35:13-45:29
133                <action android:name="android.intent.action.VIEW" />
133-->[com.google.firebase:firebase-auth:22.1.0] AndroidManifest.xml:36:17-69
133-->[com.google.firebase:firebase-auth:22.1.0] AndroidManifest.xml:36:25-66
134
135                <category android:name="android.intent.category.DEFAULT" />
135-->[com.google.firebase:firebase-auth:22.1.0] AndroidManifest.xml:38:17-76
135-->[com.google.firebase:firebase-auth:22.1.0] AndroidManifest.xml:38:27-73
136                <category android:name="android.intent.category.BROWSABLE" />
136-->[com.google.firebase:firebase-auth:22.1.0] AndroidManifest.xml:39:17-78
136-->[com.google.firebase:firebase-auth:22.1.0] AndroidManifest.xml:39:27-75
137
138                <data
138-->[com.google.firebase:firebase-auth:22.1.0] AndroidManifest.xml:41:17-44:51
139                    android:host="firebase.auth"
139-->[com.google.firebase:firebase-auth:22.1.0] AndroidManifest.xml:42:21-49
140                    android:path="/"
140-->[com.google.firebase:firebase-auth:22.1.0] AndroidManifest.xml:43:21-37
141                    android:scheme="genericidp" />
141-->[com.google.firebase:firebase-auth:22.1.0] AndroidManifest.xml:44:21-48
142            </intent-filter>
143        </activity>
144        <activity
144-->[com.google.firebase:firebase-auth:22.1.0] AndroidManifest.xml:47:9-64:20
145            android:name="com.google.firebase.auth.internal.RecaptchaActivity"
145-->[com.google.firebase:firebase-auth:22.1.0] AndroidManifest.xml:48:13-79
146            android:excludeFromRecents="true"
146-->[com.google.firebase:firebase-auth:22.1.0] AndroidManifest.xml:49:13-46
147            android:exported="true"
147-->[com.google.firebase:firebase-auth:22.1.0] AndroidManifest.xml:50:13-36
148            android:launchMode="singleTask"
148-->[com.google.firebase:firebase-auth:22.1.0] AndroidManifest.xml:51:13-44
149            android:theme="@android:style/Theme.Translucent.NoTitleBar" >
149-->[com.google.firebase:firebase-auth:22.1.0] AndroidManifest.xml:52:13-72
150            <intent-filter>
150-->[com.google.firebase:firebase-auth:22.1.0] AndroidManifest.xml:53:13-63:29
151                <action android:name="android.intent.action.VIEW" />
151-->[com.google.firebase:firebase-auth:22.1.0] AndroidManifest.xml:36:17-69
151-->[com.google.firebase:firebase-auth:22.1.0] AndroidManifest.xml:36:25-66
152
153                <category android:name="android.intent.category.DEFAULT" />
153-->[com.google.firebase:firebase-auth:22.1.0] AndroidManifest.xml:38:17-76
153-->[com.google.firebase:firebase-auth:22.1.0] AndroidManifest.xml:38:27-73
154                <category android:name="android.intent.category.BROWSABLE" />
154-->[com.google.firebase:firebase-auth:22.1.0] AndroidManifest.xml:39:17-78
154-->[com.google.firebase:firebase-auth:22.1.0] AndroidManifest.xml:39:27-75
155
156                <data
156-->[com.google.firebase:firebase-auth:22.1.0] AndroidManifest.xml:41:17-44:51
157                    android:host="firebase.auth"
157-->[com.google.firebase:firebase-auth:22.1.0] AndroidManifest.xml:42:21-49
158                    android:path="/"
158-->[com.google.firebase:firebase-auth:22.1.0] AndroidManifest.xml:43:21-37
159                    android:scheme="recaptcha" />
159-->[com.google.firebase:firebase-auth:22.1.0] AndroidManifest.xml:44:21-48
160            </intent-filter>
161        </activity>
162
163        <provider
163-->[com.google.firebase:firebase-common:20.3.3] AndroidManifest.xml:25:9-30:39
164            android:name="com.google.firebase.provider.FirebaseInitProvider"
164-->[com.google.firebase:firebase-common:20.3.3] AndroidManifest.xml:26:13-77
165            android:authorities="com.example.fastchat.firebaseinitprovider"
165-->[com.google.firebase:firebase-common:20.3.3] AndroidManifest.xml:27:13-72
166            android:directBootAware="true"
166-->[com.google.firebase:firebase-common:20.3.3] AndroidManifest.xml:28:13-43
167            android:exported="false"
167-->[com.google.firebase:firebase-common:20.3.3] AndroidManifest.xml:29:13-37
168            android:initOrder="100" />
168-->[com.google.firebase:firebase-common:20.3.3] AndroidManifest.xml:30:13-36
169
170        <activity
170-->[com.google.android.gms:play-services-base:18.1.0] AndroidManifest.xml:20:9-22:45
171            android:name="com.google.android.gms.common.api.GoogleApiActivity"
171-->[com.google.android.gms:play-services-base:18.1.0] AndroidManifest.xml:20:19-85
172            android:exported="false"
172-->[com.google.android.gms:play-services-base:18.1.0] AndroidManifest.xml:22:19-43
173            android:theme="@android:style/Theme.Translucent.NoTitleBar" />
173-->[com.google.android.gms:play-services-base:18.1.0] AndroidManifest.xml:21:19-78
174
175        <receiver
175-->[com.google.android.gms:play-services-measurement:21.3.0] AndroidManifest.xml:29:9-33:20
176            android:name="com.google.android.gms.measurement.AppMeasurementReceiver"
176-->[com.google.android.gms:play-services-measurement:21.3.0] AndroidManifest.xml:30:13-85
177            android:enabled="true"
177-->[com.google.android.gms:play-services-measurement:21.3.0] AndroidManifest.xml:31:13-35
178            android:exported="false" >
178-->[com.google.android.gms:play-services-measurement:21.3.0] AndroidManifest.xml:32:13-37
179        </receiver>
180
181        <service
181-->[com.google.android.gms:play-services-measurement:21.3.0] AndroidManifest.xml:35:9-38:40
182            android:name="com.google.android.gms.measurement.AppMeasurementService"
182-->[com.google.android.gms:play-services-measurement:21.3.0] AndroidManifest.xml:36:13-84
183            android:enabled="true"
183-->[com.google.android.gms:play-services-measurement:21.3.0] AndroidManifest.xml:37:13-35
184            android:exported="false" />
184-->[com.google.android.gms:play-services-measurement:21.3.0] AndroidManifest.xml:38:13-37
185        <service
185-->[com.google.android.gms:play-services-measurement:21.3.0] AndroidManifest.xml:39:9-43:72
186            android:name="com.google.android.gms.measurement.AppMeasurementJobService"
186-->[com.google.android.gms:play-services-measurement:21.3.0] AndroidManifest.xml:40:13-87
187            android:enabled="true"
187-->[com.google.android.gms:play-services-measurement:21.3.0] AndroidManifest.xml:41:13-35
188            android:exported="false"
188-->[com.google.android.gms:play-services-measurement:21.3.0] AndroidManifest.xml:42:13-37
189            android:permission="android.permission.BIND_JOB_SERVICE" />
189-->[com.google.android.gms:play-services-measurement:21.3.0] AndroidManifest.xml:43:13-69
190
191        <meta-data
191-->[com.google.android.gms:play-services-basement:18.1.0] AndroidManifest.xml:21:9-23:69
192            android:name="com.google.android.gms.version"
192-->[com.google.android.gms:play-services-basement:18.1.0] AndroidManifest.xml:22:13-58
193            android:value="@integer/google_play_services_version" />
193-->[com.google.android.gms:play-services-basement:18.1.0] AndroidManifest.xml:23:13-66
194
195        <provider
195-->[androidx.emoji2:emoji2:1.2.0] AndroidManifest.xml:24:9-32:20
196            android:name="androidx.startup.InitializationProvider"
196-->[androidx.emoji2:emoji2:1.2.0] AndroidManifest.xml:25:13-67
197            android:authorities="com.example.fastchat.androidx-startup"
197-->[androidx.emoji2:emoji2:1.2.0] AndroidManifest.xml:26:13-68
198            android:exported="false" >
198-->[androidx.emoji2:emoji2:1.2.0] AndroidManifest.xml:27:13-37
199            <meta-data
199-->[androidx.emoji2:emoji2:1.2.0] AndroidManifest.xml:29:13-31:52
200                android:name="androidx.emoji2.text.EmojiCompatInitializer"
200-->[androidx.emoji2:emoji2:1.2.0] AndroidManifest.xml:30:17-75
201                android:value="androidx.startup" />
201-->[androidx.emoji2:emoji2:1.2.0] AndroidManifest.xml:31:17-49
202            <meta-data
202-->[androidx.lifecycle:lifecycle-process:2.6.1] AndroidManifest.xml:29:13-31:52
203                android:name="androidx.lifecycle.ProcessLifecycleInitializer"
203-->[androidx.lifecycle:lifecycle-process:2.6.1] AndroidManifest.xml:30:17-78
204                android:value="androidx.startup" />
204-->[androidx.lifecycle:lifecycle-process:2.6.1] AndroidManifest.xml:31:17-49
205            <meta-data
205-->[androidx.profileinstaller:profileinstaller:1.3.0] AndroidManifest.xml:29:13-31:52
206                android:name="androidx.profileinstaller.ProfileInstallerInitializer"
206-->[androidx.profileinstaller:profileinstaller:1.3.0] AndroidManifest.xml:30:17-85
207                android:value="androidx.startup" />
207-->[androidx.profileinstaller:profileinstaller:1.3.0] AndroidManifest.xml:31:17-49
208        </provider>
209
210        <uses-library
210-->[androidx.window:window:1.0.0] AndroidManifest.xml:25:9-27:40
211            android:name="androidx.window.extensions"
211-->[androidx.window:window:1.0.0] AndroidManifest.xml:26:13-54
212            android:required="false" />
212-->[androidx.window:window:1.0.0] AndroidManifest.xml:27:13-37
213        <uses-library
213-->[androidx.window:window:1.0.0] AndroidManifest.xml:28:9-30:40
214            android:name="androidx.window.sidecar"
214-->[androidx.window:window:1.0.0] AndroidManifest.xml:29:13-51
215            android:required="false" />
215-->[androidx.window:window:1.0.0] AndroidManifest.xml:30:13-37
216
217        <provider
217-->[com.squareup.picasso:picasso:2.71828] AndroidManifest.xml:8:9-11:40
218            android:name="com.squareup.picasso.PicassoProvider"
218-->[com.squareup.picasso:picasso:2.71828] AndroidManifest.xml:9:13-64
219            android:authorities="com.example.fastchat.com.squareup.picasso"
219-->[com.squareup.picasso:picasso:2.71828] AndroidManifest.xml:10:13-72
220            android:exported="false" />
220-->[com.squareup.picasso:picasso:2.71828] AndroidManifest.xml:11:13-37
221
222        <receiver
222-->[androidx.profileinstaller:profileinstaller:1.3.0] AndroidManifest.xml:34:9-52:20
223            android:name="androidx.profileinstaller.ProfileInstallReceiver"
223-->[androidx.profileinstaller:profileinstaller:1.3.0] AndroidManifest.xml:35:13-76
224            android:directBootAware="false"
224-->[androidx.profileinstaller:profileinstaller:1.3.0] AndroidManifest.xml:36:13-44
225            android:enabled="true"
225-->[androidx.profileinstaller:profileinstaller:1.3.0] AndroidManifest.xml:37:13-35
226            android:exported="true"
226-->[androidx.profileinstaller:profileinstaller:1.3.0] AndroidManifest.xml:38:13-36
227            android:permission="android.permission.DUMP" >
227-->[androidx.profileinstaller:profileinstaller:1.3.0] AndroidManifest.xml:39:13-57
228            <intent-filter>
228-->[androidx.profileinstaller:profileinstaller:1.3.0] AndroidManifest.xml:40:13-42:29
229                <action android:name="androidx.profileinstaller.action.INSTALL_PROFILE" />
229-->[androidx.profileinstaller:profileinstaller:1.3.0] AndroidManifest.xml:41:17-91
229-->[androidx.profileinstaller:profileinstaller:1.3.0] AndroidManifest.xml:41:25-88
230            </intent-filter>
231            <intent-filter>
231-->[androidx.profileinstaller:profileinstaller:1.3.0] AndroidManifest.xml:43:13-45:29
232                <action android:name="androidx.profileinstaller.action.SKIP_FILE" />
232-->[androidx.profileinstaller:profileinstaller:1.3.0] AndroidManifest.xml:44:17-85
232-->[androidx.profileinstaller:profileinstaller:1.3.0] AndroidManifest.xml:44:25-82
233            </intent-filter>
234            <intent-filter>
234-->[androidx.profileinstaller:profileinstaller:1.3.0] AndroidManifest.xml:46:13-48:29
235                <action android:name="androidx.profileinstaller.action.SAVE_PROFILE" />
235-->[androidx.profileinstaller:profileinstaller:1.3.0] AndroidManifest.xml:47:17-88
235-->[androidx.profileinstaller:profileinstaller:1.3.0] AndroidManifest.xml:47:25-85
236            </intent-filter>
237            <intent-filter>
237-->[androidx.profileinstaller:profileinstaller:1.3.0] AndroidManifest.xml:49:13-51:29
238                <action android:name="androidx.profileinstaller.action.BENCHMARK_OPERATION" />
238-->[androidx.profileinstaller:profileinstaller:1.3.0] AndroidManifest.xml:50:17-95
238-->[androidx.profileinstaller:profileinstaller:1.3.0] AndroidManifest.xml:50:25-92
239            </intent-filter>
240        </receiver>
241    </application>
242
243</manifest>